🔄 任务监听脚本已启动...
监听目录: /root/.openclaw/shared-memory/tasks
初始化同步: TASK-001-成人改名方案
OK
OK
✅ 18:58:26 任务状态已同步
OK
✅ 18:59:27 任务状态已同步
OK
✅ 19:00:27 任务状态已同步
OK
✅ 19:01:27 任务状态已同步
OK
✅ 19:02:27 任务状态已同步
OK
✅ 19:03:27 任务状态已同步
OK
✅ 19:04:27 任务状态已同步
OK
✅ 19:05:27 任务状态已同步
OK
✅ 19:06:27 任务状态已同步
OK
✅ 19:07:27 任务状态已同步
OK
✅ 19:08:28 任务状态已同步
OK
✅ 19:09:28 任务状态已同步
OK
✅ 19:10:28 任务状态已同步
OK
✅ 19:11:28 任务状态已同步
OK
✅ 19:12:28 任务状态已同步
OK
✅ 19:13:28 任务状态已同步
OK
✅ 19:14:28 任务状态已同步
OK
✅ 19:15:28 任务状态已同步
OK
✅ 19:16:28 任务状态已同步
OK
✅ 19:17:28 任务状态已同步
OK
✅ 19:18:29 任务状态已同步
OK
✅ 19:19:29 任务状态已同步
OK
✅ 19:20:29 任务状态已同步
OK
✅ 19:21:29 任务状态已同步
OK
✅ 19:22:29 任务状态已同步
OK
✅ 19:23:29 任务状态已同步
OK
✅ 19:24:29 任务状态已同步
OK
✅ 19:25:29 任务状态已同步
OK
✅ 19:26:29 任务状态已同步
OK
✅ 19:27:30 任务状态已同步
OK
✅ 19:28:30 任务状态已同步
OK
✅ 19:29:30 任务状态已同步
OK
✅ 19:30:30 任务状态已同步
OK
✅ 19:31:30 任务状态已同步
OK
✅ 19:32:30 任务状态已同步
OK
✅ 19:33:30 任务状态已同步
OK
✅ 19:34:30 任务状态已同步
OK
✅ 19:35:31 任务状态已同步
OK
✅ 19:36:31 任务状态已同步
OK
✅ 19:37:31 任务状态已同步
OK
✅ 19:38:31 任务状态已同步
OK
✅ 19:39:31 任务状态已同步
OK
✅ 19:40:31 任务状态已同步
OK
✅ 19:41:31 任务状态已同步
OK
✅ 19:42:31 任务状态已同步
OK
✅ 19:43:32 任务状态已同步
OK
✅ 19:44:32 任务状态已同步
OK
✅ 19:45:32 任务状态已同步
OK
✅ 19:46:32 任务状态已同步
OK
✅ 19:47:32 任务状态已同步
OK
✅ 19:48:32 任务状态已同步
OK
✅ 19:49:32 任务状态已同步
OK
✅ 19:50:32 任务状态已同步
OK
✅ 19:51:32 任务状态已同步
OK
✅ 19:52:33 任务状态已同步
OK
✅ 19:53:33 任务状态已同步
OK
✅ 19:54:33 任务状态已同步
OK
✅ 19:55:33 任务状态已同步
OK
✅ 19:56:33 任务状态已同步
OK
✅ 19:57:33 任务状态已同步
OK
✅ 19:58:33 任务状态已同步
OK
✅ 19:59:33 任务状态已同步
OK
✅ 20:00:33 任务状态已同步
OK
✅ 20:01:34 任务状态已同步
OK
✅ 20:02:34 任务状态已同步
OK
✅ 20:03:34 任务状态已同步
OK
✅ 20:04:34 任务状态已同步
OK
✅ 20:05:34 任务状态已同步
OK
✅ 20:06:34 任务状态已同步
OK
✅ 20:07:34 任务状态已同步
OK
✅ 20:08:35 任务状态已同步
OK
✅ 20:09:35 任务状态已同步
OK
✅ 20:10:35 任务状态已同步
OK
✅ 20:11:35 任务状态已同步
OK
✅ 20:12:35 任务状态已同步
OK
✅ 20:13:35 任务状态已同步
OK
✅ 20:14:35 任务状态已同步
OK
✅ 20:15:35 任务状态已同步
OK
✅ 20:16:36 任务状态已同步
OK
✅ 20:17:36 任务状态已同步
OK
✅ 20:18:36 任务状态已同步
OK
✅ 20:19:36 任务状态已同步
OK
✅ 20:20:36 任务状态已同步
OK
✅ 20:21:36 任务状态已同步
OK
✅ 20:22:36 任务状态已同步
OK
✅ 20:23:36 任务状态已同步
OK
✅ 20:24:37 任务状态已同步
OK
✅ 20:25:37 任务状态已同步
OK
✅ 20:26:37 任务状态已同步
OK
✅ 20:27:37 任务状态已同步
OK
✅ 20:28:37 任务状态已同步
OK
✅ 20:29:37 任务状态已同步
OK
✅ 20:30:37 任务状态已同步
OK
✅ 20:31:37 任务状态已同步
OK
✅ 20:32:37 任务状态已同步
OK
✅ 20:33:38 任务状态已同步
OK
✅ 20:34:38 任务状态已同步
OK
✅ 20:35:38 任务状态已同步
OK
✅ 20:36:38 任务状态已同步
OK
✅ 20:37:38 任务状态已同步
OK
✅ 20:38:38 任务状态已同步
OK
✅ 20:39:38 任务状态已同步
OK
✅ 20:40:38 任务状态已同步
OK
✅ 20:41:39 任务状态已同步
OK
✅ 20:42:39 任务状态已同步
OK
✅ 20:43:39 任务状态已同步
OK
✅ 20:44:39 任务状态已同步
OK
✅ 20:45:39 任务状态已同步
OK
✅ 20:46:39 任务状态已同步
OK
✅ 20:47:39 任务状态已同步
OK
✅ 20:48:39 任务状态已同步
